{"type":"server-started","port":57219,"host":"127.0.0.1","url_host":"localhost","url":"http://localhost:57219","screen_dir":"/Users/brauhaus/Documents/GitHub/braulio-blog/.superpowers/brainstorm/60947-1778801841/content","state_dir":"/Users/brauhaus/Documents/GitHub/braulio-blog/.superpowers/brainstorm/60947-1778801841/state"}
{"type":"screen-added","file":"/Users/brauhaus/Documents/GitHub/braulio-blog/.superpowers/brainstorm/60947-1778801841/content/waiting.html"}
{"type":"screen-updated","file":"/Users/brauhaus/Documents/GitHub/braulio-blog/.superpowers/brainstorm/60947-1778801841/content/waiting.html"}
{"type":"screen-updated","file":"/Users/brauhaus/Documents/GitHub/braulio-blog/.superpowers/brainstorm/60947-1778801841/content/waiting.html"}
{"type":"screen-updated","file":"/Users/brauhaus/Documents/GitHub/braulio-blog/.superpowers/brainstorm/60947-1778801841/content/waiting.html"}
{"type":"screen-added","file":"/Users/brauhaus/Documents/GitHub/braulio-blog/.superpowers/brainstorm/60947-1778801841/content/nav-mobile.html"}
{"type":"screen-updated","file":"/Users/brauhaus/Documents/GitHub/braulio-blog/.superpowers/brainstorm/60947-1778801841/content/nav-mobile.html"}
{"type":"screen-updated","file":"/Users/brauhaus/Documents/GitHub/braulio-blog/.superpowers/brainstorm/60947-1778801841/content/nav-mobile.html"}
{"type":"screen-updated","file":"/Users/brauhaus/Documents/GitHub/braulio-blog/.superpowers/brainstorm/60947-1778801841/content/nav-mobile.html"}
{"type":"screen-added","file":"/Users/brauhaus/Documents/GitHub/braulio-blog/.superpowers/brainstorm/60947-1778801841/content/type-scale.html"}
{"type":"screen-updated","file":"/Users/brauhaus/Documents/GitHub/braulio-blog/.superpowers/brainstorm/60947-1778801841/content/type-scale.html"}
{"type":"screen-updated","file":"/Users/brauhaus/Documents/GitHub/braulio-blog/.superpowers/brainstorm/60947-1778801841/content/type-scale.html"}
{"type":"screen-updated","file":"/Users/brauhaus/Documents/GitHub/braulio-blog/.superpowers/brainstorm/60947-1778801841/content/type-scale.html"}
{"type":"screen-added","file":"/Users/brauhaus/Documents/GitHub/braulio-blog/.superpowers/brainstorm/60947-1778801841/content/grid-collapse.html"}
{"type":"screen-updated","file":"/Users/brauhaus/Documents/GitHub/braulio-blog/.superpowers/brainstorm/60947-1778801841/content/grid-collapse.html"}
{"type":"screen-updated","file":"/Users/brauhaus/Documents/GitHub/braulio-blog/.superpowers/brainstorm/60947-1778801841/content/grid-collapse.html"}
{"type":"screen-updated","file":"/Users/brauhaus/Documents/GitHub/braulio-blog/.superpowers/brainstorm/60947-1778801841/content/grid-collapse.html"}
{"type":"screen-updated","file":"/Users/brauhaus/Documents/GitHub/braulio-blog/.superpowers/brainstorm/60947-1778801841/content/grid-collapse.html"}
{"type":"screen-added","file":"/Users/brauhaus/Documents/GitHub/braulio-blog/.superpowers/brainstorm/60947-1778801841/content/post-sidebar.html"}
{"type":"screen-updated","file":"/Users/brauhaus/Documents/GitHub/braulio-blog/.superpowers/brainstorm/60947-1778801841/content/post-sidebar.html"}
{"type":"screen-updated","file":"/Users/brauhaus/Documents/GitHub/braulio-blog/.superpowers/brainstorm/60947-1778801841/content/post-sidebar.html"}
{"type":"screen-updated","file":"/Users/brauhaus/Documents/GitHub/braulio-blog/.superpowers/brainstorm/60947-1778801841/content/post-sidebar.html"}
{"type":"screen-added","file":"/Users/brauhaus/Documents/GitHub/braulio-blog/.superpowers/brainstorm/60947-1778801841/content/waiting-2.html"}
{"type":"screen-updated","file":"/Users/brauhaus/Documents/GitHub/braulio-blog/.superpowers/brainstorm/60947-1778801841/content/waiting-2.html"}
{"type":"screen-updated","file":"/Users/brauhaus/Documents/GitHub/braulio-blog/.superpowers/brainstorm/60947-1778801841/content/waiting-2.html"}
{"type":"screen-updated","file":"/Users/brauhaus/Documents/GitHub/braulio-blog/.superpowers/brainstorm/60947-1778801841/content/waiting-2.html"}
{"type":"server-stopped","reason":"idle timeout"}
